<?xml version="1.0" encoding="UTF-8"?>
<!-- Generated by org.testng.reporters.JUnitXMLReporter -->
<testsuite ignored="2" hostname="DESKTOP-GAE8EPN" failures="0" tests="2" name="test1" time="17.041" errors="0" timestamp="18 Apr 2018 22:32:14 GMT">
  <testcase classname="test.SampleTest" name="first" time="0.009"/>
  <testcase classname="test.RegformTest" name="regformTest" time="16.996"/>
  <testcase classname="test.SampleTest" name="third" time="0.0">
    <ignored/>
  </testcase> <!-- third -->
  <testcase classname="test.SampleTest" name="second" time="0.0">
    <ignored/>
  </testcase> <!-- second -->
</testsuite> <!-- test1 -->
