<?xml version="1.0" encoding="UTF-8"?>
<!-- Generated by org.testng.reporters.JUnitXMLReporter -->
<testsuite hostname="Wendy" ignored="2" name="test1" tests="2" failures="0" timestamp="16 abr 2018 05:56:53 GMT" time="11.113" errors="0">
  <testcase name="first" time="0.01" classname="test.SampleTest"/>
  <testcase name="regformTest" time="11.087" classname="test.RegformTest"/>
  <testcase name="third" time="0.0" classname="test.SampleTest">
    <ignored/>
  </testcase> <!-- third -->
  <testcase name="second" time="0.0" classname="test.SampleTest">
    <ignored/>
  </testcase> <!-- second -->
</testsuite> <!-- test1 -->
