<?xml version="1.0" encoding="UTF-8"?>
<testsuite xmlns:xsi="http://www.w3.org/2001/XMLSchema-instance" xsi:noNamespaceSchemaLocation="https://maven.apache.org/surefire/maven-surefire-plugin/xsd/surefire-test-report.xsd" name="TestSuite" time="0.599" tests="2" errors="0" skipped="0" failures="1">
  <properties>
[...]
</properties>
  <testcase name="first" classname="samples.SampleTest" time="0.01"/>
  <testcase name="second" classname="samples.SampleTest" time="0.013">
    <failure message="expected [2] but found [1]" type="java.lang.AssertionError">java.lang.AssertionError: expected [2] but found [1]
	at samples.SampleTest.second(SampleTest.java:18)
</failure>
    <system-out><![CDATA[web
]]></system-out>
  </testcase>
</testsuite>