-------------------------------------------------------------------------------
Test set: TestSuite
-------------------------------------------------------------------------------
Tests run: 2, Failures: 1, Errors: 0, Skipped: 0, Time elapsed: 0.599 s <<< FAILURE! - in TestSuite
second(samples.SampleTest)  Time elapsed: 0.013 s  <<< FAILURE!
java.lang.AssertionError: expected [2] but found [1]
	at samples.SampleTest.second(SampleTest.java:18)

