<?xml version="1.0" encoding="UTF-8"?>
<testng-results skipped="0" failed="0" ignored="2" total="4" passed="2">
  <reporter-output>
  </reporter-output>
  <suite name="Suite1" duration-ms="11177" started-at="2018-04-16T05:56:42Z" finished-at="2018-04-16T05:56:53Z">
    <groups>
      <group name="unit">
        <method signature="RegformTest.regformTest()[pri:0, instance:test.RegformTest@291caca8]" name="regformTest" class="test.RegformTest"/>
        <method signature="SampleTest.first()[pri:0, instance:test.SampleTest@6a2f6f80]" name="first" class="test.SampleTest"/>
      </group> <!-- unit -->
    </groups>
    <test name="test1" duration-ms="11113" started-at="2018-04-16T05:56:42Z" finished-at="2018-04-16T05:56:53Z">
      <class name="test.SampleTest">
        <test-method status="PASS" signature="first()[pri:0, instance:test.SampleTest@6a2f6f80]" name="first" duration-ms="10" started-at="2018-04-15T23:56:42Z" finished-at="2018-04-15T23:56:42Z">
          <reporter-output>
          </reporter-output>
        </test-method> <!-- first -->
      </class> <!-- test.SampleTest -->
      <class name="test.RegformTest">
        <test-method status="PASS" signature="regformTest()[pri:0, instance:test.RegformTest@291caca8]" name="regformTest" duration-ms="11087" started-at="2018-04-15T23:56:42Z" finished-at="2018-04-15T23:56:53Z">
          <reporter-output>
          </reporter-output>
        </test-method> <!-- regformTest -->
      </class> <!-- test.RegformTest -->
    </test> <!-- test1 -->
    <test name="test2" duration-ms="0" started-at="2018-04-16T05:56:53Z" finished-at="2018-04-16T05:56:53Z">
    </test> <!-- test2 -->
  </suite> <!-- Suite1 -->
</testng-results>
